{
  "0 debug pnpm:scope": {
    "selected": 1,
    "workspacePrefix": "D:\\project\\Be-UI3"
  },
  "1 error pnpm": {
    "errno": 1,
    "code": "ELIFECYCLE",
    "pkgid": "@be-ui/buildss@1.0.0",
    "stage": "build",
    "script": "gulp",
    "pkgname": "@be-ui/buildss",
    "err": {
      "name": "pnpm",
      "message": "@be-ui/buildss@1.0.0 build: `gulp`\nExit status 1",
      "code": "ELIFECYCLE",
      "stack": "pnpm: @be-ui/buildss@1.0.0 build: `gulp`\nExit status 1\n    at EventEmitter.<anonymous> (D:\\nvm\\v16.4.2\\node_modules\\pnpm\\dist\\pnpm.cjs:105830:20)\n    at EventEmitter.emit (node:events:394:28)\n    at ChildProcess.<anonymous> (D:\\nvm\\v16.4.2\\node_modules\\pnpm\\dist\\pnpm.cjs:92391:18)\n    at ChildProcess.emit (node:events:394:28)\n    at maybeClose (node:internal/child_process:1067:16)\n    at Process.ChildProcess._handle.onexit (node:internal/child_process:301:5)"
    }
  },
  "2 warn pnpm:global": " Local package.json exists, but node_modules missing, did you mean to install?"
}